<?xml version="1.0" encoding="UTF-8"?>
<testsuite name="com.tutorial7.fetchScheduleFromAWSRDS.DataBaseConnection.DataBaseConnectivityTest" tests="1" skipped="0" failures="0" errors="0" timestamp="2020-07-07T14:55:54" hostname="Parths-MacBook-Air.local" time="0.446">
  <properties/>
  <testcase name="test()" classname="com.tutorial7.fetchScheduleFromAWSRDS.DataBaseConnection.DataBaseConnectivityTest" time="0.446"/>
  <system-out><![CDATA[jdbc:mysql://database-schedule.chvebgtwnaw8.us-east-1.rds.amazonaws.com:3306/Crew_Recordcom.mysql.cj.jdbc.ConnectionImpl@73098f7]]></system-out>
  <system-err><![CDATA[]]></system-err>
</testsuite>
