<?xml version="1.0" encoding="UTF-8"?>
<testsuite name="com.tutorial7.fetchScheduleFromAWSRDS.FetchScheduleFromAwsrdsApplicationTests" tests="1" skipped="0" failures="0" errors="0" timestamp="2020-07-07T14:55:53" hostname="Parths-MacBook-Air.local" time="0.592">
  <properties/>
  <testcase name="contextLoads()" classname="com.tutorial7.fetchScheduleFromAWSRDS.FetchScheduleFromAwsrdsApplicationTests" time="0.592"/>
  <system-out><![CDATA[11:55:50.490 [Test worker] DEBUG org.springframework.test.context.BootstrapUtils - Instantiating CacheAwareContextLoaderDelegate from class [org.springframework.test.context.cache.DefaultCacheAwareContextLoaderDelegate]
11:55:50.506 [Test worker] DEBUG org.springframework.test.context.BootstrapUtils - Instantiating BootstrapContext using constructor [public org.springframework.test.context.support.DefaultBootstrapContext(java.lang.Class,org.springframework.test.context.CacheAwareContextLoaderDelegate)]
11:55:50.545 [Test worker] DEBUG org.springframework.test.context.BootstrapUtils - Instantiating TestContextBootstrapper for test class [com.tutorial7.fetchScheduleFromAWSRDS.FetchScheduleFromAwsrdsApplicationTests] from class [org.springframework.boot.test.context.SpringBootTestContextBootstrapper]
11:55:50.570 [Test worker] INFO org.springframework.boot.test.context.SpringBootTestContextBootstrapper - Neither @ContextConfiguration nor @ContextHierarchy found for test class [com.tutorial7.fetchScheduleFromAWSRDS.FetchScheduleFromAwsrdsApplicationTests], using SpringBootContextLoader
11:55:50.574 [Test worker] DEBUG org.springframework.test.context.support.AbstractContextLoader - Did not detect default resource location for test class [com.tutorial7.fetchScheduleFromAWSRDS.FetchScheduleFromAwsrdsApplicationTests]: class path resource [com/tutorial7/fetchScheduleFromAWSRDS/FetchScheduleFromAwsrdsApplicationTests-context.xml] does not exist
11:55:50.575 [Test worker] DEBUG org.springframework.test.context.support.AbstractContextLoader - Did not detect default resource location for test class [com.tutorial7.fetchScheduleFromAWSRDS.FetchScheduleFromAwsrdsApplicationTests]: class path resource [com/tutorial7/fetchScheduleFromAWSRDS/FetchScheduleFromAwsrdsApplicationTestsContext.groovy] does not exist
11:55:50.576 [Test worker] INFO org.springframework.test.context.support.AbstractContextLoader - Could not detect default resource locations for test class [com.tutorial7.fetchScheduleFromAWSRDS.FetchScheduleFromAwsrdsApplicationTests]: no resource found for suffixes {-context.xml, Context.groovy}.
11:55:50.577 [Test worker] INFO org.springframework.test.context.support.AnnotationConfigContextLoaderUtils - Could not detect default configuration classes for test class [com.tutorial7.fetchScheduleFromAWSRDS.FetchScheduleFromAwsrdsApplicationTests]: FetchScheduleFromAwsrdsApplicationTests does not declare any static, non-private, non-final, nested classes annotated with @Configuration.
11:55:50.629 [Test worker] DEBUG org.springframework.test.context.support.ActiveProfilesUtils - Could not find an 'annotation declaring class' for annotation type [org.springframework.test.context.ActiveProfiles] and class [com.tutorial7.fetchScheduleFromAWSRDS.FetchScheduleFromAwsrdsApplicationTests]
11:55:50.702 [Test worker] DEBUG org.springframework.context.annotation.ClassPathScanningCandidateComponentProvider - Identified candidate component class: file [/Users/parthpanchal7/Documents/fetchScheduleFromAWSRDS/build/classes/java/main/com/tutorial7/fetchScheduleFromAWSRDS/FetchScheduleFromAwsrdsApplication.class]
11:55:50.703 [Test worker] INFO org.springframework.boot.test.context.SpringBootTestContextBootstrapper - Found @SpringBootConfiguration com.tutorial7.fetchScheduleFromAWSRDS.FetchScheduleFromAwsrdsApplication for test class com.tutorial7.fetchScheduleFromAWSRDS.FetchScheduleFromAwsrdsApplicationTests
11:55:50.806 [Test worker] DEBUG org.springframework.boot.test.context.SpringBootTestContextBootstrapper - @TestExecutionListeners is not present for class [com.tutorial7.fetchScheduleFromAWSRDS.FetchScheduleFromAwsrdsApplicationTests]: using defaults.
11:55:50.807 [Test worker] INFO org.springframework.boot.test.context.SpringBootTestContextBootstrapper - Loaded default TestExecutionListener class names from location [META-INF/spring.factories]: [org.springframework.boot.test.autoconfigure.restdocs.RestDocsTestExecutionListener, org.springframework.boot.test.autoconfigure.web.client.MockRestServiceServerResetTestExecutionListener, org.springframework.boot.test.autoconfigure.web.servlet.MockMvcPrintOnlyOnFailureTestExecutionListener, org.springframework.boot.test.autoconfigure.web.servlet.WebDriverTestExecutionListener, org.springframework.boot.test.autoconfigure.webservices.client.MockWebServiceServerTestExecutionListener, org.springframework.boot.test.mock.mockito.MockitoTestExecutionListener, org.springframework.boot.test.mock.mockito.ResetMocksTestExecutionListener, org.springframework.test.context.web.ServletTestExecutionListener, org.springframework.test.context.support.DirtiesContextBeforeModesTestExecutionListener, org.springframework.test.context.support.DependencyInjectionTestExecutionListener, org.springframework.test.context.support.DirtiesContextTestExecutionListener, org.springframework.test.context.transaction.TransactionalTestExecutionListener, org.springframework.test.context.jdbc.SqlScriptsTestExecutionListener, org.springframework.test.context.event.EventPublishingTestExecutionListener]
11:55:50.827 [Test worker] INFO org.springframework.boot.test.context.SpringBootTestContextBootstrapper - Using TestExecutionListeners: [org.springframework.test.context.web.ServletTestExecutionListener@59e615e4, org.springframework.test.context.support.DirtiesContextBeforeModesTestExecutionListener@552ab32e, org.springframework.boot.test.mock.mockito.MockitoTestExecutionListener@546d2acc, org.springframework.boot.test.autoconfigure.SpringBootDependencyInjectionTestExecutionListener@77d5e7b9, org.springframework.test.context.support.DirtiesContextTestExecutionListener@1ef58592, org.springframework.test.context.transaction.TransactionalTestExecutionListener@1ec6e6a1, org.springframework.test.context.jdbc.SqlScriptsTestExecutionListener@234094ff, org.springframework.test.context.event.EventPublishingTestExecutionListener@7bf04701, org.springframework.boot.test.autoconfigure.restdocs.RestDocsTestExecutionListener@491b94f8, org.springframework.boot.test.autoconfigure.web.client.MockRestServiceServerResetTestExecutionListener@60c19094, org.springframework.boot.test.autoconfigure.web.servlet.MockMvcPrintOnlyOnFailureTestExecutionListener@4781071f, org.springframework.boot.test.autoconfigure.web.servlet.WebDriverTestExecutionListener@3e3088a1, org.springframework.boot.test.autoconfigure.webservices.client.MockWebServiceServerTestExecutionListener@2b9967cb, org.springframework.boot.test.mock.mockito.ResetMocksTestExecutionListener@4730171c]
11:55:50.832 [Test worker] DEBUG org.springframework.test.context.support.AbstractDirtiesContextTestExecutionListener - Before test class: context [DefaultTestContext@598cac65 testClass = FetchScheduleFromAwsrdsApplicationTests, testInstance = [null], testMethod = [null], testException = [null], mergedContextConfiguration = [WebMergedContextConfiguration@43efdfc9 testClass = FetchScheduleFromAwsrdsApplicationTests, locations = '{}', classes = '{class com.tutorial7.fetchScheduleFromAWSRDS.FetchScheduleFromAwsrdsApplication}', contextInitializerClasses = '[]', activeProfiles = '{}', propertySourceLocations = '{}', propertySourceProperties = '{org.springframework.boot.test.context.SpringBootTestContextBootstrapper=true}', contextCustomizers = set[org.springframework.boot.test.autoconfigure.properties.PropertyMappingContextCustomizer@0, org.springframework.boot.test.autoconfigure.web.servlet.WebDriverContextCustomizerFactory$Customizer@45a76170, org.springframework.boot.test.context.filter.ExcludeFilterContextCustomizer@1bee9d15, org.springframework.boot.test.json.DuplicateJsonObjectContextCustomizerFactory$DuplicateJsonObjectContextCustomizer@761e85fd, org.springframework.boot.test.mock.mockito.MockitoContextCustomizer@0, org.springframework.boot.test.web.client.TestRestTemplateContextCustomizer@2a7471e5, org.springframework.boot.test.context.SpringBootTestArgs@1], resourceBasePath = 'src/main/webapp', contextLoader = 'org.springframework.boot.test.context.SpringBootContextLoader', parent = [null]], attributes = map['org.springframework.test.context.web.ServletTestExecutionListener.activateListener' -> true]], class annotated with @DirtiesContext [false] with mode [null].
11:55:50.869 [Test worker] DEBUG org.springframework.test.context.support.TestPropertySourceUtils - Adding inlined properties to environment: {spring.jmx.enabled=false, org.springframework.boot.test.context.SpringBootTestContextBootstrapper=true}

  .   ____          _            __ _ _
 /\\ / ___'_ __ _ _(_)_ __  __ _ \ \ \ \
( ( )\___ | '_ | '_| | '_ \/ _` | \ \ \ \
 \\/  ___)| |_)| | | | | || (_| |  ) ) ) )
  '  |____| .__|_| |_|_| |_\__, | / / / /
 =========|_|==============|___/=/_/_/_/
 :: Spring Boot ::        (v2.3.1.RELEASE)

2020-07-07 11:55:51.451  INFO 2251 --- [    Test worker] .FetchScheduleFromAwsrdsApplicationTests : Starting FetchScheduleFromAwsrdsApplicationTests on Parths-MacBook-Air.local with PID 2251 (started by parthpanchal7 in /Users/parthpanchal7/Documents/fetchScheduleFromAWSRDS)
2020-07-07 11:55:51.453  INFO 2251 --- [    Test worker] .FetchScheduleFromAwsrdsApplicationTests : No active profile set, falling back to default profiles: default
2020-07-07 11:55:53.136  INFO 2251 --- [    Test worker] o.s.s.concurrent.ThreadPoolTaskExecutor  : Initializing ExecutorService 'applicationTaskExecutor'
2020-07-07 11:55:53.685  INFO 2251 --- [    Test worker] .FetchScheduleFromAwsrdsApplicationTests : Started FetchScheduleFromAwsrdsApplicationTests in 2.803 seconds (JVM running for 5.876)
]]></system-out>
  <system-err><![CDATA[]]></system-err>
</testsuite>
